                                      1 ;--------------------------------------------------------
                                      2 ; File Created by SDCC : free open source ANSI-C Compiler
                                      3 ; Version 4.0.7 #12016 (MINGW64)
                                      4 ;--------------------------------------------------------
                                      5 	.module banks_new
                                      6 	.optsdcc -mgbz80
                                      7 	
                                      8 ;--------------------------------------------------------
                                      9 ; Public variables in this module
                                     10 ;--------------------------------------------------------
                                     11 	.globl _main
                                     12 	.globl _set_RAM_bank2
                                     13 	.globl _set_RAM_bank1
                                     14 	.globl _set_ROM_bank2
                                     15 	.globl _set_ROM_bank1
                                     16 	.globl _puts
                                     17 	.globl _printf
                                     18 	.globl _putchar
                                     19 	.globl _hello1
                                     20 	.globl _hello2
                                     21 	.globl _addendum1_ram
                                     22 	.globl _hello1_ram
                                     23 	.globl _addendum_ptr
                                     24 	.globl _addendum3_ram
                                     25 	.globl _addendum2_ram
                                     26 	.globl _hello2_ram
                                     27 	.globl _addendum0
                                     28 	.globl _data
                                     29 	.globl _hello0
                                     30 ;--------------------------------------------------------
                                     31 ; special function registers
                                     32 ;--------------------------------------------------------
                           0000FC    33 ___current_ram_bank	=	0x00fc
                           0000FD    34 ___current_rom_bank	=	0x00fd
                           0000FE    35 ___dummy_variable	=	0x00fe
                                     36 ;--------------------------------------------------------
                                     37 ; ram data
                                     38 ;--------------------------------------------------------
                                     39 	.area _DATA
      000000                         40 _data::
      000000                         41 	.ds 20
      000014                         42 _addendum0::
      000014                         43 	.ds 2
                                     44 ;--------------------------------------------------------
                                     45 ; DATA_2 ram data
                                     46 ;--------------------------------------------------------
                                     47 	.area _DATA_2
      000000                         48 _hello2_ram::
      000000                         49 	.ds 20
      000014                         50 _addendum2_ram::
      000014                         51 	.ds 2
      000016                         52 _addendum3_ram::
      000016                         53 	.ds 2
      000018                         54 _addendum_ptr::
      000018                         55 	.ds 4
                                     56 ;--------------------------------------------------------
                                     57 ; DATA_1 ram data
                                     58 ;--------------------------------------------------------
                                     59 	.area _DATA_1
      000000                         60 _hello1_ram::
      000000                         61 	.ds 20
      000014                         62 _addendum1_ram::
      000014                         63 	.ds 2
                                     64 ;--------------------------------------------------------
                                     65 ; CODE_2 rom data
                                     66 ;--------------------------------------------------------
                                     67 	.area _CODE_2
      000000                         68 _hello2:
      000000 68 65 6C 6C 6F 20 66    69 	.ascii "hello from CODE_2"
             72 6F 6D 20 43 4F 44
             45 5F 32
      000011 0A                      70 	.db 0x0a
      000012 00                      71 	.db 0x00
                                     72 ;--------------------------------------------------------
                                     73 ; CODE_1 rom data
                                     74 ;--------------------------------------------------------
                                     75 	.area _CODE_1
      000000                         76 _hello1:
      000000 68 65 6C 6C 6F 20 66    77 	.ascii "hello from CODE_1"
             72 6F 6D 20 43 4F 44
             45 5F 31
      000011 0A                      78 	.db 0x0a
      000012 00                      79 	.db 0x00
                                     80 ;--------------------------------------------------------
                                     81 ; absolute external ram data
                                     82 ;--------------------------------------------------------
                                     83 	.area _DABS (ABS)
                                     84 ;--------------------------------------------------------
                                     85 ; global & static initialisations
                                     86 ;--------------------------------------------------------
                                     87 	.area _HOME
                                     88 	.area _GSINIT
                                     89 	.area _GSFINAL
                                     90 	.area _GSINIT
                                     91 ;banks_new.c:25: char data[20] = "DATA";
      000000 21r00r00                92 	ld	hl, #_data
      000003 36 44                   93 	ld	(hl), #0x44
      000005 21r01r00                94 	ld	hl, #(_data + 0x0001)
      000008 36 41                   95 	ld	(hl), #0x41
      00000A 21r02r00                96 	ld	hl, #(_data + 0x0002)
      00000D 36 54                   97 	ld	(hl), #0x54
      00000F 21r03r00                98 	ld	hl, #(_data + 0x0003)
      000012 36 41                   99 	ld	(hl), #0x41
      000014 21r04r00               100 	ld	hl, #(_data + 0x0004)
      000017 36 00                  101 	ld	(hl), #0x00
      000019 21r05r00               102 	ld	hl, #(_data + 0x0005)
      00001C 36 00                  103 	ld	(hl), #0x00
      00001E 21r06r00               104 	ld	hl, #(_data + 0x0006)
      000021 36 00                  105 	ld	(hl), #0x00
      000023 21r07r00               106 	ld	hl, #(_data + 0x0007)
      000026 36 00                  107 	ld	(hl), #0x00
      000028 21r08r00               108 	ld	hl, #(_data + 0x0008)
      00002B 36 00                  109 	ld	(hl), #0x00
      00002D 21r09r00               110 	ld	hl, #(_data + 0x0009)
      000030 36 00                  111 	ld	(hl), #0x00
      000032 21r0Ar00               112 	ld	hl, #(_data + 0x000a)
      000035 36 00                  113 	ld	(hl), #0x00
      000037 21r0Br00               114 	ld	hl, #(_data + 0x000b)
      00003A 36 00                  115 	ld	(hl), #0x00
      00003C 21r0Cr00               116 	ld	hl, #(_data + 0x000c)
      00003F 36 00                  117 	ld	(hl), #0x00
      000041 21r0Dr00               118 	ld	hl, #(_data + 0x000d)
      000044 36 00                  119 	ld	(hl), #0x00
      000046 21r0Er00               120 	ld	hl, #(_data + 0x000e)
      000049 36 00                  121 	ld	(hl), #0x00
      00004B 21r0Fr00               122 	ld	hl, #(_data + 0x000f)
      00004E 36 00                  123 	ld	(hl), #0x00
      000050 21r10r00               124 	ld	hl, #(_data + 0x0010)
      000053 36 00                  125 	ld	(hl), #0x00
      000055 21r11r00               126 	ld	hl, #(_data + 0x0011)
      000058 36 00                  127 	ld	(hl), #0x00
      00005A 21r12r00               128 	ld	hl, #(_data + 0x0012)
      00005D 36 00                  129 	ld	(hl), #0x00
      00005F 21r13r00               130 	ld	hl, #(_data + 0x0013)
      000062 36 00                  131 	ld	(hl), #0x00
                                    132 ;banks_new.c:26: int  addendum0 = 1;
      000064 21r14r00               133 	ld	hl, #_addendum0
      000067 36 01                  134 	ld	(hl), #0x01
      000069 23                     135 	inc	hl
      00006A 36 00                  136 	ld	(hl), #0x00
                                    137 ;banks_new.c:50: DATA_2 int  addendum2_ram = 4;
      00006C CDr37r00               138 	call	_set_RAM_bank2
      00006F 21r14r00               139 	ld	hl, #_addendum2_ram
      000072 36 04                  140 	ld	(hl), #0x04
      000074 23                     141 	inc	hl
      000075 36 00                  142 	ld	(hl), #0x00
                                    143 ;banks_new.c:51: DATA_2 int  addendum3_ram = 8;
      000077 CDr37r00               144 	call	_set_RAM_bank2
      00007A 21r16r00               145 	ld	hl, #_addendum3_ram
      00007D 36 08                  146 	ld	(hl), #0x08
      00007F 23                     147 	inc	hl
      000080 36 00                  148 	ld	(hl), #0x00
                                    149 ;banks_new.c:56: DATA_2 int * DATA_2 addendum_ptr[2] = {&addendum2_ram, &addendum3_ram};
      000082 CDr37r00               150 	call	_set_RAM_bank2
      000085 21r18r00               151 	ld	hl, #_addendum_ptr
      000088 36r14                  152 	ld	(hl), #<(_addendum2_ram)
      00008A 23                     153 	inc	hl
      00008B 36s00                  154 	ld	(hl), #>(_addendum2_ram)
      00008D 21r1Ar00               155 	ld	hl, #(_addendum_ptr + 0x0002)
      000090 36r16                  156 	ld	(hl), #<(_addendum3_ram)
      000092 23                     157 	inc	hl
      000093 36s00                  158 	ld	(hl), #>(_addendum3_ram)
                                    159 ;banks_new.c:48: DATA_1 int  addendum1_ram = 2;
      000095 CDr2Dr00               160 	call	_set_RAM_bank1
      000098 21r14r00               161 	ld	hl, #_addendum1_ram
      00009B 36 02                  162 	ld	(hl), #0x02
      00009D 23                     163 	inc	hl
      00009E 36 00                  164 	ld	(hl), #0x00
                                    165 ;--------------------------------------------------------
                                    166 ; Home
                                    167 ;--------------------------------------------------------
                                    168 	.area _HOME
                                    169 ;banks_new.c:30: void set_ROM_bank1(void) NONBANKED __preserves_regs(b, c, d, e) { SET_ROM_BANK(1); }
                                    170 ;	---------------------------------
                                    171 ; Function set_ROM_bank1
                                    172 ; ---------------------------------
      000000                        173 _set_ROM_bank1::
      000000 3E 01                  174 	ld	a, #0x01
      000002 E0 FD                  175 	ldh	(___current_rom_bank+0),a
      000004 3E 01                  176 	ld	a, #0x01
      000006 E0r00                  177 	ldh	(__current_bank+0),a
      000008 21 00 20               178 	ld	hl, #0x2000
      00000B 36 01                  179 	ld	(hl), #0x01
      00000D C9                     180 	ret
      00000E                        181 _hello0:
      00000E 68 65 6C 6C 6F 20 66   182 	.ascii "hello from CODE"
             72 6F 6D 20 43 4F 44
             45
      00001D 0A                     183 	.db 0x0a
      00001E 00                     184 	.db 0x00
                                    185 ;banks_new.c:31: void set_ROM_bank2(void) NONBANKED __preserves_regs(b, c, d, e) { SET_ROM_BANK(2); }
                                    186 ;	---------------------------------
                                    187 ; Function set_ROM_bank2
                                    188 ; ---------------------------------
      00001F                        189 _set_ROM_bank2::
      00001F 3E 02                  190 	ld	a, #0x02
      000021 E0 FD                  191 	ldh	(___current_rom_bank+0),a
      000023 3E 02                  192 	ld	a, #0x02
      000025 E0r00                  193 	ldh	(__current_bank+0),a
      000027 21 00 20               194 	ld	hl, #0x2000
      00002A 36 02                  195 	ld	(hl), #0x02
      00002C C9                     196 	ret
                                    197 ;banks_new.c:41: void set_RAM_bank1(void) NONBANKED __preserves_regs(b, c, d, e) { SET_RAM_BANK(1); }
                                    198 ;	---------------------------------
                                    199 ; Function set_RAM_bank1
                                    200 ; ---------------------------------
      00002D                        201 _set_RAM_bank1::
      00002D 3E 01                  202 	ld	a, #0x01
      00002F E0 FC                  203 	ldh	(___current_ram_bank+0),a
      000031 21 00 40               204 	ld	hl, #0x4000
      000034 36 01                  205 	ld	(hl), #0x01
      000036 C9                     206 	ret
                                    207 ;banks_new.c:42: void set_RAM_bank2(void) NONBANKED __preserves_regs(b, c, d, e) { SET_RAM_BANK(2); }
                                    208 ;	---------------------------------
                                    209 ; Function set_RAM_bank2
                                    210 ; ---------------------------------
      000037                        211 _set_RAM_bank2::
      000037 3E 02                  212 	ld	a, #0x02
      000039 E0 FC                  213 	ldh	(___current_ram_bank+0),a
      00003B 21 00 40               214 	ld	hl, #0x4000
      00003E 36 02                  215 	ld	(hl), #0x02
      000040 C9                     216 	ret
                                    217 	.area _HOME
                                    218 ;--------------------------------------------------------
                                    219 ; code
                                    220 ;--------------------------------------------------------
                                    221 	.area _CODE
                                    222 ;banks_new.c:58: void main() {
                                    223 ;	---------------------------------
                                    224 ; Function main
                                    225 ; ---------------------------------
      000000                        226 _main::
      000000 E8 FE                  227 	add	sp, #-2
                                    228 ;banks_new.c:62: SET_BANKS(1, 1);
      000002 3E 01                  229 	ld	a, #0x01
      000004 E0 FD                  230 	ldh	(___current_rom_bank+0),a
      000006 3E 01                  231 	ld	a, #0x01
      000008 E0r00                  232 	ldh	(__current_bank+0),a
      00000A 21 00 20               233 	ld	hl, #0x2000
      00000D 36 01                  234 	ld	(hl), #0x01
      00000F 3E 01                  235 	ld	a, #0x01
      000011 E0 FC                  236 	ldh	(___current_ram_bank+0),a
      000013 26 40                  237 	ld	h, #0x40
      000015 36 01                  238 	ld	(hl), #0x01
                                    239 ;banks_new.c:65: for (INT8 i = 0; (hello0[i]); i++) putchar(hello0[i]);  
      000017 06 00                  240 	ld	b, #0x00
      000019                        241 00119$:
      000019 78                     242 	ld	a, b
      00001A 5F                     243 	ld	e, a
      00001B 17                     244 	rla
      00001C 9F                     245 	sbc	a, a
      00001D 57                     246 	ld	d, a
      00001E 21r0Er00               247 	ld	hl, #_hello0
      000021 19                     248 	add	hl, de
      000022 7E                     249 	ld	a, (hl)
      000023 B7                     250 	or	a, a
      000024 28 0B                  251 	jr	Z, 00101$
      000026 C5                     252 	push	bc
      000027 F5                     253 	push	af
      000028 33                     254 	inc	sp
      000029 CDr00r00               255 	call	_putchar
      00002C 33                     256 	inc	sp
      00002D C1                     257 	pop	bc
      00002E 04                     258 	inc	b
      00002F 18 E8                  259 	jr	00119$
      000031                        260 00101$:
                                    261 ;banks_new.c:66: for (INT8 i = 0; (hello1[i]); i++) putchar(hello1[i]);
      000031 0E 00                  262 	ld	c, #0x00
      000033                        263 00122$:
      000033 79                     264 	ld	a, c
      000034 5F                     265 	ld	e, a
      000035 17                     266 	rla
      000036 9F                     267 	sbc	a, a
      000037 57                     268 	ld	d, a
      000038 CDr00r00               269 	call	_set_ROM_bank1
      00003B 21r00r00               270 	ld	hl, #_hello1
      00003E 19                     271 	add	hl, de
      00003F 7E                     272 	ld	a, (hl)
      000040 B7                     273 	or	a, a
      000041 28 0B                  274 	jr	Z, 00102$
      000043 C5                     275 	push	bc
      000044 F5                     276 	push	af
      000045 33                     277 	inc	sp
      000046 CDr00r00               278 	call	_putchar
      000049 33                     279 	inc	sp
      00004A C1                     280 	pop	bc
      00004B 0C                     281 	inc	c
      00004C 18 E5                  282 	jr	00122$
      00004E                        283 00102$:
                                    284 ;banks_new.c:67: for (INT8 i = 0; (hello2[i]); i++) putchar(hello2[i]);
      00004E 0E 00                  285 	ld	c, #0x00
      000050                        286 00125$:
      000050 79                     287 	ld	a, c
      000051 5F                     288 	ld	e, a
      000052 17                     289 	rla
      000053 9F                     290 	sbc	a, a
      000054 57                     291 	ld	d, a
      000055 CDr1Fr00               292 	call	_set_ROM_bank2
      000058 21r00r00               293 	ld	hl, #_hello2
      00005B 19                     294 	add	hl, de
      00005C 46                     295 	ld	b, (hl)
      00005D CDr2Dr00               296 	call	_set_RAM_bank1
      000060 78                     297 	ld	a, b
      000061 B7                     298 	or	a, a
      000062 28 0B                  299 	jr	Z, 00103$
      000064 C5                     300 	push	bc
      000065 C5                     301 	push	bc
      000066 33                     302 	inc	sp
      000067 CDr00r00               303 	call	_putchar
      00006A 33                     304 	inc	sp
      00006B C1                     305 	pop	bc
      00006C 0C                     306 	inc	c
      00006D 18 E1                  307 	jr	00125$
      00006F                        308 00103$:
                                    309 ;banks_new.c:70: for (INT8 i = 0; (i < sizeof(hello1)); i++) hello1_ram[i] = hello1[i];
      00006F 0E 00                  310 	ld	c, #0x00
      000071                        311 00128$:
      000071 79                     312 	ld	a, c
      000072 EE 80                  313 	xor	a, #0x80
      000074 D6 93                  314 	sub	a, #0x93
      000076 30 22                  315 	jr	NC, 00104$
      000078 79                     316 	ld	a, c
      000079 5F                     317 	ld	e, a
      00007A 17                     318 	rla
      00007B 9F                     319 	sbc	a, a
      00007C 57                     320 	ld	d, a
      00007D D5                     321 	push	de
                                    322 ;c
      00007E 21r00r00               323 	ld	hl, #_hello1_ram
      000081 19                     324 	add	hl, de
      000082 D1                     325 	pop	de
      000083 33                     326 	inc	sp
      000084 33                     327 	inc	sp
      000085 E5                     328 	push	hl
      000086 21r00r00               329 	ld	hl, #_hello1
      000089 19                     330 	add	hl, de
      00008A 5D                     331 	ld	e, l
      00008B 54                     332 	ld	d, h
      00008C CDr00r00               333 	call	_set_ROM_bank1
      00008F 1A                     334 	ld	a, (de)
      000090 47                     335 	ld	b, a
      000091 CDr2Dr00               336 	call	_set_RAM_bank1
      000094 E1                     337 	pop	hl
      000095 E5                     338 	push	hl
      000096 70                     339 	ld	(hl), b
      000097 0C                     340 	inc	c
      000098 18 D7                  341 	jr	00128$
      00009A                        342 00104$:
                                    343 ;banks_new.c:71: for (INT8 i = 0; (i < 4); i++) hello1_ram[i + 11] = data[i];
      00009A 0E 00                  344 	ld	c, #0x00
      00009C                        345 00131$:
      00009C 79                     346 	ld	a, c
      00009D EE 80                  347 	xor	a, #0x80
      00009F D6 84                  348 	sub	a, #0x84
      0000A1 30 1D                  349 	jr	NC, 00105$
      0000A3 79                     350 	ld	a, c
      0000A4 C6 0B                  351 	add	a, #0x0b
      0000A6 5F                     352 	ld	e, a
      0000A7 17                     353 	rla
      0000A8 9F                     354 	sbc	a, a
      0000A9 57                     355 	ld	d, a
      0000AA 21r00r00               356 	ld	hl, #_hello1_ram
      0000AD 19                     357 	add	hl, de
      0000AE 79                     358 	ld	a, c
      0000AF F5                     359 	push	af
      0000B0 17                     360 	rla
      0000B1 9F                     361 	sbc	a, a
      0000B2 47                     362 	ld	b, a
      0000B3 F1                     363 	pop	af
      0000B4 C6r00                  364 	add	a, #<(_data)
      0000B6 5F                     365 	ld	e, a
      0000B7 78                     366 	ld	a, b
      0000B8 CEs00                  367 	adc	a, #>(_data)
      0000BA 57                     368 	ld	d, a
      0000BB 1A                     369 	ld	a, (de)
      0000BC 77                     370 	ld	(hl), a
      0000BD 0C                     371 	inc	c
      0000BE 18 DC                  372 	jr	00131$
      0000C0                        373 00105$:
                                    374 ;banks_new.c:72: for (INT8 i = 0; (hello1_ram[i]); i++) putchar(hello1_ram[i]);
      0000C0 0E 00                  375 	ld	c, #0x00
      0000C2                        376 00134$:
      0000C2 79                     377 	ld	a, c
      0000C3 5F                     378 	ld	e, a
      0000C4 17                     379 	rla
      0000C5 9F                     380 	sbc	a, a
      0000C6 57                     381 	ld	d, a
      0000C7 21r00r00               382 	ld	hl, #_hello1_ram
      0000CA 19                     383 	add	hl, de
      0000CB 46                     384 	ld	b, (hl)
      0000CC CDr37r00               385 	call	_set_RAM_bank2
      0000CF 78                     386 	ld	a, b
      0000D0 B7                     387 	or	a, a
      0000D1 28 0E                  388 	jr	Z, 00106$
      0000D3 C5                     389 	push	bc
      0000D4 C5                     390 	push	bc
      0000D5 33                     391 	inc	sp
      0000D6 CDr00r00               392 	call	_putchar
      0000D9 33                     393 	inc	sp
      0000DA C1                     394 	pop	bc
      0000DB CDr2Dr00               395 	call	_set_RAM_bank1
      0000DE 0C                     396 	inc	c
      0000DF 18 E1                  397 	jr	00134$
      0000E1                        398 00106$:
                                    399 ;banks_new.c:75: for (INT8 i = 0; (i < sizeof(hello2)); i++) hello2_ram[i] = hello2[i];
      0000E1 0E 00                  400 	ld	c, #0x00
      0000E3                        401 00137$:
      0000E3 79                     402 	ld	a, c
      0000E4 EE 80                  403 	xor	a, #0x80
      0000E6 D6 93                  404 	sub	a, #0x93
      0000E8 30 22                  405 	jr	NC, 00107$
      0000EA 79                     406 	ld	a, c
      0000EB 5F                     407 	ld	e, a
      0000EC 17                     408 	rla
      0000ED 9F                     409 	sbc	a, a
      0000EE 57                     410 	ld	d, a
      0000EF D5                     411 	push	de
                                    412 ;c
      0000F0 21r00r00               413 	ld	hl, #_hello2_ram
      0000F3 19                     414 	add	hl, de
      0000F4 D1                     415 	pop	de
      0000F5 33                     416 	inc	sp
      0000F6 33                     417 	inc	sp
      0000F7 E5                     418 	push	hl
      0000F8 21r00r00               419 	ld	hl, #_hello2
      0000FB 19                     420 	add	hl, de
      0000FC 5D                     421 	ld	e, l
      0000FD 54                     422 	ld	d, h
      0000FE CDr1Fr00               423 	call	_set_ROM_bank2
      000101 1A                     424 	ld	a, (de)
      000102 47                     425 	ld	b, a
      000103 CDr37r00               426 	call	_set_RAM_bank2
      000106 E1                     427 	pop	hl
      000107 E5                     428 	push	hl
      000108 70                     429 	ld	(hl), b
      000109 0C                     430 	inc	c
      00010A 18 D7                  431 	jr	00137$
      00010C                        432 00107$:
                                    433 ;banks_new.c:76: for (INT8 i = 0; (i < 4); i++) hello2_ram[i + 11] = data[i];
      00010C 0E 00                  434 	ld	c, #0x00
      00010E                        435 00140$:
      00010E 79                     436 	ld	a, c
      00010F EE 80                  437 	xor	a, #0x80
      000111 D6 84                  438 	sub	a, #0x84
      000113 30 1D                  439 	jr	NC, 00108$
      000115 79                     440 	ld	a, c
      000116 C6 0B                  441 	add	a, #0x0b
      000118 5F                     442 	ld	e, a
      000119 17                     443 	rla
      00011A 9F                     444 	sbc	a, a
      00011B 57                     445 	ld	d, a
      00011C 21r00r00               446 	ld	hl, #_hello2_ram
      00011F 19                     447 	add	hl, de
      000120 79                     448 	ld	a, c
      000121 F5                     449 	push	af
      000122 17                     450 	rla
      000123 9F                     451 	sbc	a, a
      000124 47                     452 	ld	b, a
      000125 F1                     453 	pop	af
      000126 C6r00                  454 	add	a, #<(_data)
      000128 5F                     455 	ld	e, a
      000129 78                     456 	ld	a, b
      00012A CEs00                  457 	adc	a, #>(_data)
      00012C 57                     458 	ld	d, a
      00012D 1A                     459 	ld	a, (de)
      00012E 77                     460 	ld	(hl), a
      00012F 0C                     461 	inc	c
      000130 18 DC                  462 	jr	00140$
      000132                        463 00108$:
                                    464 ;banks_new.c:77: for (INT8 i = 0; (hello2_ram[i]); i++) putchar(hello2_ram[i]);
      000132 0E 00                  465 	ld	c, #0x00
      000134                        466 00143$:
      000134 79                     467 	ld	a, c
      000135 5F                     468 	ld	e, a
      000136 17                     469 	rla
      000137 9F                     470 	sbc	a, a
      000138 57                     471 	ld	d, a
      000139 21r00r00               472 	ld	hl, #_hello2_ram
      00013C 19                     473 	add	hl, de
      00013D 7E                     474 	ld	a, (hl)
      00013E B7                     475 	or	a, a
      00013F 28 0E                  476 	jr	Z, 00109$
      000141 C5                     477 	push	bc
      000142 F5                     478 	push	af
      000143 33                     479 	inc	sp
      000144 CDr00r00               480 	call	_putchar
      000147 33                     481 	inc	sp
      000148 C1                     482 	pop	bc
      000149 CDr37r00               483 	call	_set_RAM_bank2
      00014C 0C                     484 	inc	c
      00014D 18 E5                  485 	jr	00143$
      00014F                        486 00109$:
                                    487 ;banks_new.c:79: printf("once more...\n");
      00014F 21r8Dr02               488 	ld	hl, #___str_2
      000152 E5                     489 	push	hl
      000153 CDr00r00               490 	call	_puts
      000156 E8 02                  491 	add	sp, #2
                                    492 ;banks_new.c:81: for (INT8 i = 0; (hello0[i]); i++) putchar(hello0[i]);  
      000158 0E 00                  493 	ld	c, #0x00
      00015A                        494 00146$:
      00015A 79                     495 	ld	a, c
      00015B 5F                     496 	ld	e, a
      00015C 17                     497 	rla
      00015D 9F                     498 	sbc	a, a
      00015E 57                     499 	ld	d, a
      00015F 21r0Er00               500 	ld	hl, #_hello0
      000162 19                     501 	add	hl, de
      000163 7E                     502 	ld	a, (hl)
      000164 B7                     503 	or	a, a
      000165 28 0B                  504 	jr	Z, 00110$
      000167 C5                     505 	push	bc
      000168 F5                     506 	push	af
      000169 33                     507 	inc	sp
      00016A CDr00r00               508 	call	_putchar
      00016D 33                     509 	inc	sp
      00016E C1                     510 	pop	bc
      00016F 0C                     511 	inc	c
      000170 18 E8                  512 	jr	00146$
      000172                        513 00110$:
                                    514 ;banks_new.c:82: for (INT8 i = 0; (hello1[i]); i++) putchar(hello1[i]);
      000172 0E 00                  515 	ld	c, #0x00
      000174                        516 00149$:
      000174 79                     517 	ld	a, c
      000175 5F                     518 	ld	e, a
      000176 17                     519 	rla
      000177 9F                     520 	sbc	a, a
      000178 57                     521 	ld	d, a
      000179 CDr00r00               522 	call	_set_ROM_bank1
      00017C 21r00r00               523 	ld	hl, #_hello1
      00017F 19                     524 	add	hl, de
      000180 7E                     525 	ld	a, (hl)
      000181 B7                     526 	or	a, a
      000182 28 0B                  527 	jr	Z, 00111$
      000184 C5                     528 	push	bc
      000185 F5                     529 	push	af
      000186 33                     530 	inc	sp
      000187 CDr00r00               531 	call	_putchar
      00018A 33                     532 	inc	sp
      00018B C1                     533 	pop	bc
      00018C 0C                     534 	inc	c
      00018D 18 E5                  535 	jr	00149$
      00018F                        536 00111$:
                                    537 ;banks_new.c:83: for (INT8 i = 0; (hello2[i]); i++) putchar(hello2[i]);
      00018F 0E 00                  538 	ld	c, #0x00
      000191                        539 00152$:
      000191 79                     540 	ld	a, c
      000192 5F                     541 	ld	e, a
      000193 17                     542 	rla
      000194 9F                     543 	sbc	a, a
      000195 57                     544 	ld	d, a
      000196 CDr1Fr00               545 	call	_set_ROM_bank2
      000199 21r00r00               546 	ld	hl, #_hello2
      00019C 19                     547 	add	hl, de
      00019D 7E                     548 	ld	a, (hl)
      00019E B7                     549 	or	a, a
      00019F 28 0B                  550 	jr	Z, 00112$
      0001A1 C5                     551 	push	bc
      0001A2 F5                     552 	push	af
      0001A3 33                     553 	inc	sp
      0001A4 CDr00r00               554 	call	_putchar
      0001A7 33                     555 	inc	sp
      0001A8 C1                     556 	pop	bc
      0001A9 0C                     557 	inc	c
      0001AA 18 E5                  558 	jr	00152$
      0001AC                        559 00112$:
                                    560 ;banks_new.c:84: for (INT8 i = 0; (hello1_ram[i]); i++) putchar(hello1_ram[i]);
      0001AC 0E 00                  561 	ld	c, #0x00
      0001AE                        562 00155$:
      0001AE 79                     563 	ld	a, c
      0001AF 5F                     564 	ld	e, a
      0001B0 17                     565 	rla
      0001B1 9F                     566 	sbc	a, a
      0001B2 57                     567 	ld	d, a
      0001B3 CDr2Dr00               568 	call	_set_RAM_bank1
      0001B6 21r00r00               569 	ld	hl, #_hello1_ram
      0001B9 19                     570 	add	hl, de
      0001BA 7E                     571 	ld	a, (hl)
      0001BB B7                     572 	or	a, a
      0001BC 28 0B                  573 	jr	Z, 00113$
      0001BE C5                     574 	push	bc
      0001BF F5                     575 	push	af
      0001C0 33                     576 	inc	sp
      0001C1 CDr00r00               577 	call	_putchar
      0001C4 33                     578 	inc	sp
      0001C5 C1                     579 	pop	bc
      0001C6 0C                     580 	inc	c
      0001C7 18 E5                  581 	jr	00155$
      0001C9                        582 00113$:
                                    583 ;banks_new.c:85: for (INT8 i = 0; (hello2_ram[i]); i++) putchar(hello2_ram[i]);
      0001C9 0E 00                  584 	ld	c, #0x00
      0001CB                        585 00158$:
      0001CB 79                     586 	ld	a, c
      0001CC 5F                     587 	ld	e, a
      0001CD 17                     588 	rla
      0001CE 9F                     589 	sbc	a, a
      0001CF 57                     590 	ld	d, a
      0001D0 CDr37r00               591 	call	_set_RAM_bank2
      0001D3 21r00r00               592 	ld	hl, #_hello2_ram
      0001D6 19                     593 	add	hl, de
      0001D7 7E                     594 	ld	a, (hl)
      0001D8 B7                     595 	or	a, a
      0001D9 28 0B                  596 	jr	Z, 00114$
      0001DB C5                     597 	push	bc
      0001DC F5                     598 	push	af
      0001DD 33                     599 	inc	sp
      0001DE CDr00r00               600 	call	_putchar
      0001E1 33                     601 	inc	sp
      0001E2 C1                     602 	pop	bc
      0001E3 0C                     603 	inc	c
      0001E4 18 E5                  604 	jr	00158$
      0001E6                        605 00114$:
                                    606 ;banks_new.c:87: printf("once more...\n");
      0001E6 21r8Dr02               607 	ld	hl, #___str_2
      0001E9 E5                     608 	push	hl
      0001EA CDr00r00               609 	call	_puts
      0001ED E8 02                  610 	add	sp, #2
                                    611 ;banks_new.c:89: printf("%s", hello0);
      0001EF 21r0Er00               612 	ld	hl, #_hello0
      0001F2 E5                     613 	push	hl
      0001F3 21r9Ar02               614 	ld	hl, #___str_4
      0001F6 E5                     615 	push	hl
      0001F7 CDr00r00               616 	call	_printf
      0001FA E8 04                  617 	add	sp, #4
                                    618 ;banks_new.c:90: printf("%s", switch_to(hello1));    
      0001FC CDr00r00               619 	call	_set_ROM_bank1
      0001FF FAr00r00               620 	ld	a, (#_hello1 + 0)
      000202 E0 FE                  621 	ldh	(___dummy_variable+0),a
      000204 21r00r00               622 	ld	hl, #_hello1
      000207 E5                     623 	push	hl
      000208 21r9Ar02               624 	ld	hl, #___str_4
      00020B E5                     625 	push	hl
      00020C CDr00r00               626 	call	_printf
      00020F E8 04                  627 	add	sp, #4
                                    628 ;banks_new.c:91: printf("%s", switch_to(hello2));
      000211 CDr1Fr00               629 	call	_set_ROM_bank2
      000214 FAr00r00               630 	ld	a, (#_hello2 + 0)
      000217 E0 FE                  631 	ldh	(___dummy_variable+0),a
      000219 21r00r00               632 	ld	hl, #_hello2
      00021C E5                     633 	push	hl
      00021D 21r9Ar02               634 	ld	hl, #___str_4
      000220 E5                     635 	push	hl
      000221 CDr00r00               636 	call	_printf
      000224 E8 04                  637 	add	sp, #4
                                    638 ;banks_new.c:92: printf("%s", switch_to(hello1_ram));
      000226 CDr2Dr00               639 	call	_set_RAM_bank1
      000229 FAr00r00               640 	ld	a, (#_hello1_ram + 0)
      00022C E0 FE                  641 	ldh	(___dummy_variable+0),a
      00022E 21r00r00               642 	ld	hl, #_hello1_ram
      000231 E5                     643 	push	hl
      000232 21r9Ar02               644 	ld	hl, #___str_4
      000235 E5                     645 	push	hl
      000236 CDr00r00               646 	call	_printf
      000239 E8 04                  647 	add	sp, #4
                                    648 ;banks_new.c:93: printf("%s", switch_to(hello2_ram));
      00023B CDr37r00               649 	call	_set_RAM_bank2
      00023E FAr00r00               650 	ld	a, (#_hello2_ram + 0)
      000241 E0 FE                  651 	ldh	(___dummy_variable+0),a
      000243 21r00r00               652 	ld	hl, #_hello2_ram
      000246 E5                     653 	push	hl
      000247 21r9Ar02               654 	ld	hl, #___str_4
      00024A E5                     655 	push	hl
      00024B CDr00r00               656 	call	_printf
      00024E E8 04                  657 	add	sp, #4
                                    658 ;banks_new.c:95: printf("1+2+4+8=0x%x", (int)(addendum0 + addendum1_ram + (*addendum_ptr[0]) + (*addendum_ptr[1])));
      000250 CDr2Dr00               659 	call	_set_RAM_bank1
      000253 FAr14r00               660 	ld	a, (#_addendum0)
      000256 21r14r00               661 	ld	hl, #_addendum1_ram
      000259 86                     662 	add	a, (hl)
      00025A 4F                     663 	ld	c, a
      00025B FAr15r00               664 	ld	a, (#_addendum0 + 1)
      00025E 21r15r00               665 	ld	hl, #_addendum1_ram + 1
      000261 8E                     666 	adc	a, (hl)
      000262 47                     667 	ld	b, a
      000263 CDr37r00               668 	call	_set_RAM_bank2
      000266 21r18r00               669 	ld	hl, #_addendum_ptr
      000269 2A                     670 	ld	a, (hl+)
      00026A 66                     671 	ld	h, (hl)
      00026B 6F                     672 	ld	l, a
      00026C 2A                     673 	ld	a, (hl+)
      00026D 6E                     674 	ld	l, (hl)
      00026E 81                     675 	add	a, c
      00026F 4F                     676 	ld	c, a
      000270 7D                     677 	ld	a, l
      000271 88                     678 	adc	a, b
      000272 47                     679 	ld	b, a
      000273 21r1Ar00               680 	ld	hl, #(_addendum_ptr + 0x0002)
      000276 2A                     681 	ld	a, (hl+)
      000277 66                     682 	ld	h, (hl)
      000278 6F                     683 	ld	l, a
      000279 2A                     684 	ld	a, (hl+)
      00027A 6E                     685 	ld	l, (hl)
      00027B 81                     686 	add	a, c
      00027C 4F                     687 	ld	c, a
      00027D 7D                     688 	ld	a, l
      00027E 88                     689 	adc	a, b
      00027F 47                     690 	ld	b, a
      000280 C5                     691 	push	bc
      000281 21r9Dr02               692 	ld	hl, #___str_5
      000284 E5                     693 	push	hl
      000285 CDr00r00               694 	call	_printf
                                    695 ;banks_new.c:98: while(1);
      000288                        696 00116$:
      000288 18 FE                  697 	jr	00116$
                                    698 ;banks_new.c:99: }
      00028A E8 02                  699 	add	sp, #2
      00028C C9                     700 	ret
      00028D                        701 ___str_2:
      00028D 6F 6E 63 65 20 6D 6F   702 	.ascii "once more..."
             72 65 2E 2E 2E
      000299 00                     703 	.db 0x00
      00029A                        704 ___str_4:
      00029A 25 73                  705 	.ascii "%s"
      00029C 00                     706 	.db 0x00
      00029D                        707 ___str_5:
      00029D 31 2B 32 2B 34 2B 38   708 	.ascii "1+2+4+8=0x%x"
             3D 30 78 25 78
      0002A9 00                     709 	.db 0x00
                                    710 	.area _CODE
                                    711 	.area _CABS (ABS)
